m:\programming\labs\labsheet 10\labsheet10\labsheet10\debug\vc143.pdb
m:\programming\labs\labsheet 10\labsheet10\labsheet10\debug\vc143.idb
m:\programming\labs\labsheet 10\labsheet10\labsheet10\debug\q9-searchforname.obj
m:\programming\labs\labsheet 10\labsheet10\labsheet10\debug\q8-allhealthvalue.obj
m:\programming\labs\labsheet 10\labsheet10\labsheet10\debug\q7-inputhealthvalue.obj
m:\programming\labs\labsheet 10\labsheet10\labsheet10\debug\q6-sixnewfunctions.obj
m:\programming\labs\labsheet 10\labsheet10\labsheet10\debug\q5-questions.obj
m:\programming\labs\labsheet 10\labsheet10\labsheet10\debug\q4-highlowcount.obj
m:\programming\labs\labsheet 10\labsheet10\labsheet10\debug\q3-highlowsumavg.obj
m:\programming\labs\labsheet 10\labsheet10\labsheet10\debug\q2-evenandoddcount.obj
m:\programming\labs\labsheet 10\labsheet10\labsheet10\debug\q11-addingnewuser.obj
m:\programming\labs\labsheet 10\labsheet10\labsheet10\debug\q10-changehealth.obj
m:\programming\labs\labsheet 10\labsheet10\labsheet10\debug\q1-disparrays.obj
m:\programming\labs\labsheet 10\labsheet10\labsheet10\debug\q12-deletelastplayer.obj
m:\programming\labs\labsheet 10\labsheet10\labsheet10\debug\q13-findhealthfix.obj
m:\programming\labs\labsheet 10\labsheet10\labsheet10\debug\q14-searcharrayfix.obj
m:\programming\labs\labsheet 10\labsheet10\labsheet10\debug\q16.obj
m:\programming\labs\labsheet 10\labsheet10\labsheet10\debug\q15-sumnumsfixed.obj
m:\programming\labs\labsheet 10\labsheet10\debug\labsheet10.exe
m:\programming\labs\labsheet 10\labsheet10\debug\labsheet10.pdb
m:\programming\labs\labsheet 10\labsheet10\labsheet10\debug\labsheet10.ilk
m:\programming\labs\labsheet 10\labsheet10\labsheet10\debug\q12.obj
m:\programming\labs\labsheet 10\labsheet10\labsheet10\debug\q13.obj
m:\programming\labs\labsheet 10\labsheet10\labsheet10\debug\q14.obj
m:\programming\labs\labsheet 10\labsheet10\labsheet10\debug\q15.obj
m:\programming\labs\labsheet 10\labsheet10\labsheet10\debug\q10-changehealth.obj.enc
m:\programming\labs\labsheet 10\labsheet10\labsheet10\debug\q11-addingnewuser.obj.enc
m:\programming\labs\labsheet 10\labsheet10\labsheet10\debug\labsheet10.tlog\cl.command.1.tlog
m:\programming\labs\labsheet 10\labsheet10\labsheet10\debug\labsheet10.tlog\cl.items.tlog
m:\programming\labs\labsheet 10\labsheet10\labsheet10\debug\labsheet10.tlog\cl.read.1.tlog
m:\programming\labs\labsheet 10\labsheet10\labsheet10\debug\labsheet10.tlog\cl.write.1.tlog
m:\programming\labs\labsheet 10\labsheet10\labsheet10\debug\labsheet10.tlog\link.command.1.tlog
m:\programming\labs\labsheet 10\labsheet10\labsheet10\debug\labsheet10.tlog\link.read.1.tlog
m:\programming\labs\labsheet 10\labsheet10\labsheet10\debug\labsheet10.tlog\link.secondary.1.tlog
m:\programming\labs\labsheet 10\labsheet10\labsheet10\debug\labsheet10.tlog\link.write.1.tlog
